[0.029s] Invoking command in '/home/user/ros2_ws/build/ros2_kdl_package': CMAKE_PREFIX_PATH=${CMAKE_PREFIX_PATH}:/opt/ros/humble /usr/bin/cmake /home/user/ros2_ws/src/ros2_kdl_package -DCMAKE_INSTALL_PREFIX=/home/user/ros2_ws/install/ros2_kdl_package
[0.144s] -- The C compiler identification is GNU 11.4.0
[0.234s] -- The CXX compiler identification is GNU 11.4.0
[0.243s] -- Detecting C compiler ABI info
[0.321s] -- Detecting C compiler ABI info - done
[0.330s] -- Check for working C compiler: /usr/bin/cc - skipped
[0.330s] -- Detecting C compile features
[0.331s] -- Detecting C compile features - done
[0.334s] -- Detecting CXX compiler ABI info
[0.420s] -- Detecting CXX compiler ABI info - done
[0.432s] -- Check for working CXX compiler: /usr/bin/c++ - skipped
[0.432s] -- Detecting CXX compile features
[0.433s] -- Detecting CXX compile features - done
[0.440s] -- Found ament_cmake: 1.3.12 (/opt/ros/humble/share/ament_cmake/cmake)
[0.604s] -- Found Python3: /usr/bin/python3 (found version "3.10.12") found components: Interpreter 
[0.760s] -- Found urdf: 2.6.1 (/opt/ros/humble/share/urdf/cmake)
[0.856s] -- Found kdl_parser: 2.6.4 (/opt/ros/humble/share/kdl_parser/cmake)
[0.867s] -- Found eigen3_cmake_module: 0.1.1 (/opt/ros/humble/share/eigen3_cmake_module/cmake)
[0.868s] -- Found Eigen3: TRUE (found version "3.4.0") 
[0.868s] -- Ensuring Eigen3 include directory is part of orocos-kdl CMake target
[0.873s] -- Found sensor_msgs: 4.9.0 (/opt/ros/humble/share/sensor_msgs/cmake)
[0.929s] -- Found rosidl_generator_c: 3.1.7 (/opt/ros/humble/share/rosidl_generator_c/cmake)
[0.940s] -- Found rosidl_adapter: 3.1.7 (/opt/ros/humble/share/rosidl_adapter/cmake)
[0.954s] -- Found rosidl_generator_cpp: 3.1.7 (/opt/ros/humble/share/rosidl_generator_cpp/cmake)
[0.976s] -- Using all available rosidl_typesupport_c: rosidl_typesupport_fastrtps_c;rosidl_typesupport_introspection_c
[0.997s] -- Using all available rosidl_typesupport_cpp: rosidl_typesupport_fastrtps_cpp;rosidl_typesupport_introspection_cpp
[1.080s] -- Found rclcpp: 16.0.16 (/opt/ros/humble/share/rclcpp/cmake)
[1.146s] -- Found rmw_implementation_cmake: 6.1.2 (/opt/ros/humble/share/rmw_implementation_cmake/cmake)
[1.153s] -- Found rmw_fastrtps_cpp: 6.2.9 (/opt/ros/humble/share/rmw_fastrtps_cpp/cmake)
[1.195s] -- Found TinyXML2 via Config file: TinyXML2_DIR-NOTFOUND
[1.252s] -- Found OpenSSL: /usr/lib/x86_64-linux-gnu/libcrypto.so (found version "3.0.2")  
[1.255s] -- Found TinyXML2 via Config file: TinyXML2_DIR-NOTFOUND
[1.272s] -- Found FastRTPS: /opt/ros/humble/include  
[1.275s] -- Found TinyXML2 via Config file: TinyXML2_DIR-NOTFOUND
[1.284s] -- Found TinyXML2 via Config file: TinyXML2_DIR-NOTFOUND
[1.293s] -- Using RMW implementation 'rmw_fastrtps_cpp' as default
[1.319s] -- Looking for pthread.h
[1.392s] -- Looking for pthread.h - found
[1.393s] -- Performing Test CMAKE_HAVE_LIBC_PTHREAD
[1.468s] -- Performing Test CMAKE_HAVE_LIBC_PTHREAD - Success
[1.469s] -- Found Threads: TRUE  
[1.522s] -- Found rclcpp_action: 16.0.16 (/opt/ros/humble/share/rclcpp_action/cmake)
[1.569s] -- Found rosidl_default_generators: 1.2.0 (/opt/ros/humble/share/rosidl_default_generators/cmake)
[1.592s] -- Found tf2_ros: 0.25.17 (/opt/ros/humble/share/tf2_ros/cmake)
[1.668s] -- Found tf2_geometry_msgs: 0.25.17 (/opt/ros/humble/share/tf2_geometry_msgs/cmake)
[1.954s] -- Found ament_cmake_ros: 0.10.0 (/opt/ros/humble/share/ament_cmake_ros/cmake)
[2.404s] -- Using all available rosidl_typesupport_c: rosidl_typesupport_fastrtps_c;rosidl_typesupport_introspection_c
[2.567s] -- Using all available rosidl_typesupport_cpp: rosidl_typesupport_fastrtps_cpp;rosidl_typesupport_introspection_cpp
[2.589s] -- Found PythonInterp: /usr/bin/python3 (found suitable version "3.10.12", minimum required is "3.6") 
[2.593s] -- Found python_cmake_module: 0.10.0 (/opt/ros/humble/share/python_cmake_module/cmake)
[2.636s] -- Found PythonLibs: /usr/lib/x86_64-linux-gnu/libpython3.10.so (found suitable version "3.10.12", minimum required is "3.5") 
[2.636s] -- Using PYTHON_EXECUTABLE: /usr/bin/python3
[2.637s] -- Using PYTHON_INCLUDE_DIRS: /usr/include/python3.10
[2.637s] -- Using PYTHON_LIBRARIES: /usr/lib/x86_64-linux-gnu/libpython3.10.so
[2.687s] -- Found PythonExtra: .so  
[2.772s] [0mCMake Deprecation Warning at /opt/ros/humble/share/rosidl_cmake/cmake/rosidl_target_interfaces.cmake:32 (message):
[2.772s]   Use rosidl_get_typesupport_target() and target_link_libraries() instead of
[2.772s]   rosidl_target_interfaces()
[2.772s] Call Stack (most recent call first):
[2.773s]   CMakeLists.txt:63 (rosidl_target_interfaces)
[2.773s] 
[2.773s] [0m
[2.774s] [0mCMake Deprecation Warning at /opt/ros/humble/share/rosidl_cmake/cmake/rosidl_target_interfaces.cmake:32 (message):
[2.774s]   Use rosidl_get_typesupport_target() and target_link_libraries() instead of
[2.774s]   rosidl_target_interfaces()
[2.774s] Call Stack (most recent call first):
[2.774s]   CMakeLists.txt:93 (rosidl_target_interfaces)
[2.774s] 
[2.774s] [0m
[2.779s] -- Found ament_lint_auto: 0.12.14 (/opt/ros/humble/share/ament_lint_auto/cmake)
[2.821s] -- Added test 'cppcheck' to perform static code analysis on C / C++ code
[2.822s] -- Configured cppcheck include dirs: $<BUILD_INTERFACE:/home/user/ros2_ws/src/ros2_kdl_package/include>
[2.822s] -- Configured cppcheck exclude dirs and/or files: 
[2.823s] -- Added test 'flake8' to check Python code syntax and style conventions
[2.824s] -- Added test 'lint_cmake' to check CMake code style
[2.824s] -- Added test 'pep257' to check Python code against some of the docstring style conventions in PEP 257
[2.826s] -- Added test 'uncrustify' to check C / C++ code style
[2.826s] -- Configured uncrustify additional arguments: 
[2.827s] -- Added test 'xmllint' to check XML markup files
[2.831s] -- Configuring done
[2.889s] -- Generating done
[2.908s] -- Build files have been written to: /home/user/ros2_ws/build/ros2_kdl_package
[2.919s] Invoked command in '/home/user/ros2_ws/build/ros2_kdl_package' returned '0': CMAKE_PREFIX_PATH=${CMAKE_PREFIX_PATH}:/opt/ros/humble /usr/bin/cmake /home/user/ros2_ws/src/ros2_kdl_package -DCMAKE_INSTALL_PREFIX=/home/user/ros2_ws/install/ros2_kdl_package
[2.920s] Invoking command in '/home/user/ros2_ws/build/ros2_kdl_package': CMAKE_PREFIX_PATH=${CMAKE_PREFIX_PATH}:/opt/ros/humble /usr/bin/cmake --build /home/user/ros2_ws/build/ros2_kdl_package -- -j12 -l12
[2.962s] [  2%] [34m[1mGenerating C code for ROS interfaces[0m
[2.973s] [  7%] [34m[1mGenerating C++ code for ROS interfaces[0m
[2.973s] [  7%] [32mBuilding CXX object CMakeFiles/ros2_kdl_node_example.dir/src/ros2_kdl_node_example.cpp.o[0m
[2.981s] [  7%] Built target ament_cmake_python_copy_ros2_kdl_package
[3.232s] running egg_info
[3.233s] creating ros2_kdl_package.egg-info
[3.233s] writing ros2_kdl_package.egg-info/PKG-INFO
[3.233s] writing dependency_links to ros2_kdl_package.egg-info/dependency_links.txt
[3.233s] writing top-level names to ros2_kdl_package.egg-info/top_level.txt
[3.233s] writing manifest file 'ros2_kdl_package.egg-info/SOURCES.txt'
[3.236s] reading manifest file 'ros2_kdl_package.egg-info/SOURCES.txt'
[3.236s] writing manifest file 'ros2_kdl_package.egg-info/SOURCES.txt'
[3.264s] [  7%] Built target ament_cmake_python_build_ros2_kdl_package_egg
[3.466s] [ 10%] [32mBuilding C object CMakeFiles/ros2_kdl_package__rosidl_generator_c.dir/rosidl_generator_c/ros2_kdl_package/action/detail/execute_trajectory__functions.c.o[0m
[3.495s] [ 10%] Built target ros2_kdl_package__cpp
[3.508s] [ 17%] [34m[1mGenerating C++ type support dispatch for ROS interfaces[0m
[3.508s] [ 17%] [34m[1mGenerating C++ introspection for ROS interfaces[0m
[3.508s] [ 17%] [34m[1mGenerating C++ type support for eProsima Fast-RTPS[0m
[3.615s] [ 20%] [32m[1mLinking C shared library libros2_kdl_package__rosidl_generator_c.so[0m
[3.662s] [ 20%] Built target ros2_kdl_package__rosidl_generator_c
[3.677s] [ 22%] [34m[1mGenerating C introspection for ROS interfaces[0m
[3.677s] [ 25%] [34m[1mGenerating C type support dispatch for ROS interfaces[0m
[3.679s] [ 27%] [34m[1mGenerating C type support for eProsima Fast-RTPS[0m
[4.013s] [ 30%] [32mBuilding CXX object CMakeFiles/ros2_kdl_package__rosidl_typesupport_introspection_cpp.dir/rosidl_typesupport_introspection_cpp/ros2_kdl_package/action/detail/execute_trajectory__type_support.cpp.o[0m
[4.025s] [ 32%] [32mBuilding CXX object CMakeFiles/ros2_kdl_package__rosidl_typesupport_cpp.dir/rosidl_typesupport_cpp/ros2_kdl_package/action/execute_trajectory__type_support.cpp.o[0m
[4.097s] [ 35%] [32mBuilding CXX object CMakeFiles/ros2_kdl_package__rosidl_typesupport_c.dir/rosidl_typesupport_c/ros2_kdl_package/action/execute_trajectory__type_support.cpp.o[0m
[4.172s] [ 37%] [32m[1mLinking CXX shared library libros2_kdl_package__rosidl_typesupport_c.so[0m
[4.196s] [ 40%] [32mBuilding CXX object CMakeFiles/ros2_kdl_package__rosidl_typesupport_fastrtps_cpp.dir/rosidl_typesupport_fastrtps_cpp/ros2_kdl_package/action/detail/dds_fastrtps/execute_trajectory__type_support.cpp.o[0m
[4.226s] [ 40%] Built target ros2_kdl_package__rosidl_typesupport_c
[4.327s] [ 42%] [32mBuilding C object CMakeFiles/ros2_kdl_package__rosidl_typesupport_introspection_c.dir/rosidl_typesupport_introspection_c/ros2_kdl_package/action/detail/execute_trajectory__type_support.c.o[0m
[4.358s] [ 45%] [32mBuilding CXX object CMakeFiles/ros2_kdl_package__rosidl_typesupport_fastrtps_c.dir/rosidl_typesupport_fastrtps_c/ros2_kdl_package/action/detail/execute_trajectory__type_support_c.cpp.o[0m
[4.393s] [ 47%] [32m[1mLinking C shared library libros2_kdl_package__rosidl_typesupport_introspection_c.so[0m
[4.435s] [ 47%] Built target ros2_kdl_package__rosidl_typesupport_introspection_c
[4.710s] [ 50%] [32m[1mLinking CXX shared library libros2_kdl_package__rosidl_typesupport_cpp.so[0m
[4.720s] [ 52%] [32m[1mLinking CXX shared library libros2_kdl_package__rosidl_typesupport_introspection_cpp.so[0m
[4.759s] [ 52%] Built target ros2_kdl_package__rosidl_typesupport_cpp
[4.805s] [ 55%] [32m[1mLinking CXX shared library libros2_kdl_package__rosidl_typesupport_fastrtps_c.so[0m
[4.808s] [ 55%] Built target ros2_kdl_package__rosidl_typesupport_introspection_cpp
[4.891s] [ 55%] Built target ros2_kdl_package__rosidl_typesupport_fastrtps_c
[4.946s] [ 57%] [32m[1mLinking CXX shared library libros2_kdl_package__rosidl_typesupport_fastrtps_cpp.so[0m
[5.027s] [ 57%] Built target ros2_kdl_package__rosidl_typesupport_fastrtps_cpp
[5.050s] [ 57%] Built target ros2_kdl_package
[5.073s] [ 62%] [32mBuilding CXX object CMakeFiles/ros2_kdl_node.dir/src/kdl_robot.cpp.o[0m
[5.074s] [ 62%] [34m[1mGenerating Python code for ROS interfaces[0m
[5.074s] [ 65%] [32mBuilding CXX object CMakeFiles/ros2_kdl_node_client.dir/src/ros2_kdl_node_client.cpp.o[0m
[5.075s] [ 67%] [32mBuilding CXX object CMakeFiles/ros2_kdl_node.dir/src/ros2_kdl_node.cpp.o[0m
[5.076s] [ 70%] [32mBuilding CXX object CMakeFiles/ros2_kdl_node.dir/src/kdl_control.cpp.o[0m
[5.076s] [ 72%] [32mBuilding CXX object CMakeFiles/ros2_kdl_node.dir/src/kdl_planner.cpp.o[0m
[5.512s] [01m[K/home/user/ros2_ws/src/ros2_kdl_package/src/ros2_kdl_node_client.cpp:14:10:[m[K [01;31m[Kfatal error: [m[Ktf2_ros/transform_listener.h: No such file or directory
[5.512s]    14 | #include [01;31m[K"tf2_ros/transform_listener.h"[m[K
[5.512s]       |          [01;31m[K^~~~~~~~~~~~~~~~~~~~~~~~~~~~~~[m[K
[5.512s] compilation terminated.
[5.516s] gmake[2]: *** [CMakeFiles/ros2_kdl_node_client.dir/build.make:76: CMakeFiles/ros2_kdl_node_client.dir/src/ros2_kdl_node_client.cpp.o] Error 1
[5.516s] gmake[1]: *** [CMakeFiles/Makefile2:652: CMakeFiles/ros2_kdl_node_client.dir/all] Error 2
[5.516s] gmake[1]: *** Waiting for unfinished jobs....
[6.306s] [ 72%] Built target ros2_kdl_package__py
[6.564s] [01m[K/home/user/ros2_ws/src/ros2_kdl_package/src/ros2_kdl_node_example.cpp:[m[K In function â€˜[01m[Kint main(int, char**)[m[Kâ€™:
[6.564s] [01m[K/home/user/ros2_ws/src/ros2_kdl_package/src/ros2_kdl_node_example.cpp:51:25:[m[K [01;35m[Kwarning: [m[Kcomparison of constant â€˜[01m[K0[m[Kâ€™ with boolean expression is always true [[01;35m[K-Wbool-compare[m[K]
[6.565s]    51 |     if([01;35m[Kkinematics_status>=0[m[K){
[6.565s]       |        [01;35m[K~~~~~~~~~~~~~~~~~^~~[m[K
[7.135s] [ 75%] [32m[1mLinking CXX executable ros2_kdl_node_example[0m
[7.269s] [ 75%] Built target ros2_kdl_node_example
[41.444s] [ 77%] [32m[1mLinking CXX executable ros2_kdl_node[0m
[42.951s] [ 77%] Built target ros2_kdl_node
[42.952s] gmake: *** [Makefile:146: all] Error 2
[42.954s] Invoked command in '/home/user/ros2_ws/build/ros2_kdl_package' returned '2': CMAKE_PREFIX_PATH=${CMAKE_PREFIX_PATH}:/opt/ros/humble /usr/bin/cmake --build /home/user/ros2_ws/build/ros2_kdl_package -- -j12 -l12
