[0.033s] Invoking command in '/home/user/ros2_ws/build/multirobot_map_merge': CMAKE_PREFIX_PATH=${CMAKE_PREFIX_PATH}:/opt/ros/humble /usr/bin/cmake /home/user/ros2_ws/m-explore-ros2/map_merge -DAMENT_CMAKE_SYMLINK_INSTALL=1 -DCMAKE_INSTALL_PREFIX=/home/user/ros2_ws/install/multirobot_map_merge
[0.129s] -- The C compiler identification is GNU 11.4.0
[0.220s] -- The CXX compiler identification is GNU 11.4.0
[0.233s] -- Detecting C compiler ABI info
[0.342s] -- Detecting C compiler ABI info - done
[0.360s] -- Check for working C compiler: /usr/bin/cc - skipped
[0.360s] -- Detecting C compile features
[0.361s] -- Detecting C compile features - done
[0.369s] -- Detecting CXX compiler ABI info
[0.503s] -- Detecting CXX compiler ABI info - done
[0.522s] -- Check for working CXX compiler: /usr/bin/c++ - skipped
[0.523s] -- Detecting CXX compile features
[0.524s] -- Detecting CXX compile features - done
[0.532s] -- Found ament_cmake: 1.3.12 (/opt/ros/humble/share/ament_cmake/cmake)
[0.764s] -- Found Python3: /usr/bin/python3 (found version "3.10.12") found components: Interpreter 
[0.890s] -- Override CMake install command with custom implementation using symlinks instead of copying resources
[0.974s] -- Found rclcpp: 16.0.16 (/opt/ros/humble/share/rclcpp/cmake)
[1.091s] -- Found rosidl_generator_c: 3.1.7 (/opt/ros/humble/share/rosidl_generator_c/cmake)
[1.107s] -- Found rosidl_adapter: 3.1.7 (/opt/ros/humble/share/rosidl_adapter/cmake)
[1.131s] -- Found rosidl_generator_cpp: 3.1.7 (/opt/ros/humble/share/rosidl_generator_cpp/cmake)
[1.213s] -- Using all available rosidl_typesupport_c: rosidl_typesupport_fastrtps_c;rosidl_typesupport_introspection_c
[1.371s] -- Using all available rosidl_typesupport_cpp: rosidl_typesupport_fastrtps_cpp;rosidl_typesupport_introspection_cpp
[1.767s] -- Found rmw_implementation_cmake: 6.1.2 (/opt/ros/humble/share/rmw_implementation_cmake/cmake)
[1.790s] -- Found rmw_fastrtps_cpp: 6.2.9 (/opt/ros/humble/share/rmw_fastrtps_cpp/cmake)
[2.252s] -- Found OpenSSL: /usr/lib/x86_64-linux-gnu/libcrypto.so (found version "3.0.2")  
[2.399s] -- Found FastRTPS: /opt/ros/humble/include  
[2.662s] -- Using RMW implementation 'rmw_fastrtps_cpp' as default
[2.737s] -- Looking for pthread.h
[3.037s] -- Looking for pthread.h - found
[3.038s] -- Performing Test CMAKE_HAVE_LIBC_PTHREAD
[3.339s] -- Performing Test CMAKE_HAVE_LIBC_PTHREAD - Success
[3.341s] -- Found Threads: TRUE  
[3.598s] -- Found geometry_msgs: 4.9.0 (/opt/ros/humble/share/geometry_msgs/cmake)
[3.669s] -- Found image_geometry: 3.2.1 (/opt/ros/humble/share/image_geometry/cmake)
[3.858s] -- Found map_msgs: 2.1.0 (/opt/ros/humble/share/map_msgs/cmake)
[4.084s] -- Found tf2_geometry_msgs: 0.25.17 (/opt/ros/humble/share/tf2_geometry_msgs/cmake)
[4.210s] -- Found eigen3_cmake_module: 0.1.1 (/opt/ros/humble/share/eigen3_cmake_module/cmake)
[4.213s] -- Found Eigen3: TRUE (found version "3.4.0") 
[4.216s] -- Ensuring Eigen3 include directory is part of orocos-kdl CMake target
[4.798s] -- Found Boost: /usr/lib/x86_64-linux-gnu/cmake/Boost-1.74.0/BoostConfig.cmake (found version "1.74.0") found components: thread 
[4.809s] -- Found OpenCV: /usr (found version "4.5.4") 
[4.851s] -- Found ament_lint_auto: 0.12.14 (/opt/ros/humble/share/ament_lint_auto/cmake)
[5.091s] -- Found ament_cmake_gtest: 1.3.12 (/opt/ros/humble/share/ament_cmake_gtest/cmake)
[5.104s] download.sh: line 7: wget: command not found
[5.108s] Checking MD5 sum of /home/user/ros2_ws/build/multirobot_map_merge/map00.pgm
[5.115s] md5sum: /home/user/ros2_ws/build/multirobot_map_merge/map00.pgm: No such file or directory
[5.115s] md5sum: WARNING: 1 listed file could not be read
[5.115s] /home/user/ros2_ws/build/multirobot_map_merge/map00.pgm: FAILED open or read
[5.115s] MD5 sum of /home/user/ros2_ws/build/multirobot_map_merge/map00.pgm does not match. Downloading it again
[5.118s] download.sh: line 15: wget: command not found
[5.120s] md5sum: /home/user/ros2_ws/build/multirobot_map_merge/map00.pgm: No such file or directory
[5.121s] md5sum: WARNING: 1 listed file could not be read
[5.121s] /home/user/ros2_ws/build/multirobot_map_merge/map00.pgm: FAILED open or read
[5.121s] MD5 sum of /home/user/ros2_ws/build/multirobot_map_merge/map00.pgm still does not match. Aborting.
[5.135s] download.sh: line 7: wget: command not found
[5.135s] Checking MD5 sum of /home/user/ros2_ws/build/multirobot_map_merge/map05.pgm
[5.141s] /home/user/ros2_ws/build/multirobot_map_merge/map05.pgm: FAILED open or read
[5.141s] md5sum: /home/user/ros2_ws/build/multirobot_map_merge/map05.pgm: No such file or directory
[5.142s] md5sum: WARNING: 1 listed file could not be read
[5.142s] MD5 sum of /home/user/ros2_ws/build/multirobot_map_merge/map05.pgm does not match. Downloading it again
[5.148s] download.sh: line 15: wget: command not found
[5.155s] /home/user/ros2_ws/build/multirobot_map_merge/map05.pgm: FAILED open or read
[5.156s] md5sum: /home/user/ros2_ws/build/multirobot_map_merge/map05.pgm: No such file or directory
[5.156s] md5sum: WARNING: 1 listed file could not be read
[5.156s] MD5 sum of /home/user/ros2_ws/build/multirobot_map_merge/map05.pgm still does not match. Aborting.
[5.169s] download.sh: line 7: wget: command not found
[5.175s] Checking MD5 sum of /home/user/ros2_ws/build/multirobot_map_merge/2011-08-09-12-22-52.pgm
[5.179s] md5sum: /home/user/ros2_ws/build/multirobot_map_merge/2011-08-09-12-22-52.pgm: No such file or directory
[5.180s] md5sum: WARNING: 1 listed file could not be read
[5.180s] /home/user/ros2_ws/build/multirobot_map_merge/2011-08-09-12-22-52.pgm: FAILED open or read
[5.182s] download.sh: line 15: wget: command not found
[5.182s] MD5 sum of /home/user/ros2_ws/build/multirobot_map_merge/2011-08-09-12-22-52.pgm does not match. Downloading it again
[5.193s] md5sum: /home/user/ros2_ws/build/multirobot_map_merge/2011-08-09-12-22-52.pgm: No such file or directory
[5.193s] md5sum: WARNING: 1 listed file could not be read
[5.193s] /home/user/ros2_ws/build/multirobot_map_merge/2011-08-09-12-22-52.pgm: FAILED open or read
[5.193s] MD5 sum of /home/user/ros2_ws/build/multirobot_map_merge/2011-08-09-12-22-52.pgm still does not match. Aborting.
[5.205s] download.sh: line 7: wget: command not found
[5.206s] Checking MD5 sum of /home/user/ros2_ws/build/multirobot_map_merge/2012-01-28-11-12-01.pgm
[5.215s] md5sum: /home/user/ros2_ws/build/multirobot_map_merge/2012-01-28-11-12-01.pgm: No such file or directory
[5.215s] md5sum: WARNING: 1 listed file could not be read
[5.216s] /home/user/ros2_ws/build/multirobot_map_merge/2012-01-28-11-12-01.pgm: FAILED open or read
[5.216s] MD5 sum of /home/user/ros2_ws/build/multirobot_map_merge/2012-01-28-11-12-01.pgm does not match. Downloading it again
[5.217s] download.sh: line 15: wget: command not found
[5.226s] md5sum: /home/user/ros2_ws/build/multirobot_map_merge/2012-01-28-11-12-01.pgm: No such file or directory
[5.226s] md5sum: WARNING: 1 listed file could not be read
[5.226s] /home/user/ros2_ws/build/multirobot_map_merge/2012-01-28-11-12-01.pgm: FAILED open or read
[5.226s] MD5 sum of /home/user/ros2_ws/build/multirobot_map_merge/2012-01-28-11-12-01.pgm still does not match. Aborting.
[5.241s] -- Found gtest sources under '/opt/ros/humble/src/gtest_vendor': C++ tests using 'Google Test' will be built
[5.294s] -- Added test 'cppcheck' to perform static code analysis on C / C++ code
[5.299s] -- Configured cppcheck include dirs: /home/user/ros2_ws/m-explore-ros2/map_merge/include;$<BUILD_INTERFACE:/home/user/ros2_ws/m-explore-ros2/map_merge/include>
[5.300s] -- Configured cppcheck exclude dirs and/or files: 
[5.305s] -- Added test 'flake8' to check Python code syntax and style conventions
[5.312s] -- Added test 'lint_cmake' to check CMake code style
[5.314s] -- Added test 'pep257' to check Python code against some of the docstring style conventions in PEP 257
[5.329s] -- Added test 'uncrustify' to check C / C++ code style
[5.329s] -- Configured uncrustify additional arguments: 
[5.339s] -- Added test 'xmllint' to check XML markup files
[5.348s] -- Configuring done
[5.658s] -- Generating done
[5.692s] -- Build files have been written to: /home/user/ros2_ws/build/multirobot_map_merge
[5.722s] Invoked command in '/home/user/ros2_ws/build/multirobot_map_merge' returned '0': CMAKE_PREFIX_PATH=${CMAKE_PREFIX_PATH}:/opt/ros/humble /usr/bin/cmake /home/user/ros2_ws/m-explore-ros2/map_merge -DAMENT_CMAKE_SYMLINK_INSTALL=1 -DCMAKE_INSTALL_PREFIX=/home/user/ros2_ws/install/multirobot_map_merge
[5.723s] Invoking command in '/home/user/ros2_ws/build/multirobot_map_merge': CMAKE_PREFIX_PATH=${CMAKE_PREFIX_PATH}:/opt/ros/humble /usr/bin/cmake --build /home/user/ros2_ws/build/multirobot_map_merge -- -j12 -l12
[6.274s] [  8%] [32mBuilding CXX object CMakeFiles/combine_grids.dir/src/combine_grids/grid_compositor.cpp.o[0m
[6.274s] [ 16%] [32mBuilding CXX object gtest/CMakeFiles/gtest.dir/src/gtest-all.cc.o[0m
[6.274s] [ 25%] [32mBuilding CXX object CMakeFiles/combine_grids.dir/src/combine_grids/grid_warper.cpp.o[0m
[6.275s] [ 33%] [32mBuilding CXX object CMakeFiles/combine_grids.dir/src/combine_grids/merging_pipeline.cpp.o[0m
[6.275s] [ 41%] [32mBuilding CXX object gtest/CMakeFiles/gtest_main.dir/src/gtest_main.cc.o[0m
[10.964s] [ 50%] [32m[1mLinking CXX static library libgtest_main.a[0m
[11.099s] [ 50%] Built target gtest_main
[14.716s] [ 58%] [32m[1mLinking CXX static library libgtest.a[0m
[14.950s] [ 58%] Built target gtest
[20.457s] [ 66%] [32m[1mLinking CXX static library libcombine_grids.a[0m
[20.652s] [ 66%] Built target combine_grids
[20.769s] [ 75%] [32mBuilding CXX object CMakeFiles/test_merging_pipeline.dir/test/test_merging_pipeline.cpp.o[0m
[20.782s] [ 83%] [32mBuilding CXX object CMakeFiles/map_merge.dir/src/map_merge.cpp.o[0m
[34.074s] [ 91%] [32m[1mLinking CXX executable test_merging_pipeline[0m
[35.418s] [ 91%] Built target test_merging_pipeline
[45.552s] [100%] [32m[1mLinking CXX executable map_merge[0m
[47.288s] [100%] Built target map_merge
[47.305s] Invoked command in '/home/user/ros2_ws/build/multirobot_map_merge' returned '0': CMAKE_PREFIX_PATH=${CMAKE_PREFIX_PATH}:/opt/ros/humble /usr/bin/cmake --build /home/user/ros2_ws/build/multirobot_map_merge -- -j12 -l12
[47.307s] Invoking command in '/home/user/ros2_ws/build/multirobot_map_merge': CMAKE_PREFIX_PATH=${CMAKE_PREFIX_PATH}:/opt/ros/humble /usr/bin/cmake --install /home/user/ros2_ws/build/multirobot_map_merge
[47.317s] -- Install configuration: ""
[47.318s] -- Execute custom install script
[47.318s] -- Symlinking: /home/user/ros2_ws/install/multirobot_map_merge/include/map_merge//map_merge.h
[47.330s] -- Symlinking: /home/user/ros2_ws/install/multirobot_map_merge/include/map_merge//ros1_names.hpp
[47.343s] -- Symlinking: /home/user/ros2_ws/install/multirobot_map_merge/share/multirobot_map_merge/launch/from_map_server.launch.py
[47.355s] -- Symlinking: /home/user/ros2_ws/install/multirobot_map_merge/share/multirobot_map_merge/launch/map_merge.launch.py
[47.367s] -- Symlinking: /home/user/ros2_ws/install/multirobot_map_merge/share/multirobot_map_merge/launch/map_merge.rviz
[47.379s] -- Symlinking: /home/user/ros2_ws/install/multirobot_map_merge/share/multirobot_map_merge/launch/tb3_simulation/bringup_launch.py
[47.391s] -- Symlinking: /home/user/ros2_ws/install/multirobot_map_merge/share/multirobot_map_merge/launch/tb3_simulation/config/nav2_multirobot_params_1.yaml
[47.402s] -- Symlinking: /home/user/ros2_ws/install/multirobot_map_merge/share/multirobot_map_merge/launch/tb3_simulation/config/nav2_multirobot_params_2.yaml
[47.414s] -- Symlinking: /home/user/ros2_ws/install/multirobot_map_merge/share/multirobot_map_merge/launch/tb3_simulation/multi_tb3_simulation_launch.py
[47.426s] -- Symlinking: /home/user/ros2_ws/install/multirobot_map_merge/share/multirobot_map_merge/launch/tb3_simulation/slam_toolbox.py
[47.438s] -- Symlinking: /home/user/ros2_ws/install/multirobot_map_merge/share/multirobot_map_merge/launch/tb3_simulation/tb3_simulation_launch.py
[47.450s] -- Symlinking: /home/user/ros2_ws/install/multirobot_map_merge/share/multirobot_map_merge/launch/tb3_simulation/worlds/world_only.model
[47.462s] -- Symlinking: /home/user/ros2_ws/install/multirobot_map_merge/share/multirobot_map_merge/config/params.yaml
[47.475s] -- Symlinking: /home/user/ros2_ws/install/multirobot_map_merge/lib/multirobot_map_merge/map_merge
[47.487s] -- Symlinking: /home/user/ros2_ws/install/multirobot_map_merge/share/multirobot_map_merge/environment/library_path.sh
[47.499s] -- Symlinking: /home/user/ros2_ws/install/multirobot_map_merge/share/multirobot_map_merge/environment/library_path.dsv
[47.511s] -- Symlinking: /home/user/ros2_ws/install/multirobot_map_merge/share/ament_index/resource_index/package_run_dependencies/multirobot_map_merge
[47.523s] -- Symlinking: /home/user/ros2_ws/install/multirobot_map_merge/share/ament_index/resource_index/parent_prefix_path/multirobot_map_merge
[47.535s] -- Symlinking: /home/user/ros2_ws/install/multirobot_map_merge/share/multirobot_map_merge/environment/ament_prefix_path.sh
[47.547s] -- Symlinking: /home/user/ros2_ws/install/multirobot_map_merge/share/multirobot_map_merge/environment/ament_prefix_path.dsv
[47.559s] -- Symlinking: /home/user/ros2_ws/install/multirobot_map_merge/share/multirobot_map_merge/environment/path.sh
[47.571s] -- Symlinking: /home/user/ros2_ws/install/multirobot_map_merge/share/multirobot_map_merge/environment/path.dsv
[47.583s] -- Symlinking: /home/user/ros2_ws/install/multirobot_map_merge/share/multirobot_map_merge/local_setup.bash
[47.596s] -- Symlinking: /home/user/ros2_ws/install/multirobot_map_merge/share/multirobot_map_merge/local_setup.sh
[47.608s] -- Symlinking: /home/user/ros2_ws/install/multirobot_map_merge/share/multirobot_map_merge/local_setup.zsh
[47.620s] -- Symlinking: /home/user/ros2_ws/install/multirobot_map_merge/share/multirobot_map_merge/local_setup.dsv
[47.632s] -- Symlinking: /home/user/ros2_ws/install/multirobot_map_merge/share/multirobot_map_merge/package.dsv
[47.645s] -- Symlinking: /home/user/ros2_ws/install/multirobot_map_merge/share/ament_index/resource_index/packages/multirobot_map_merge
[47.657s] -- Symlinking: /home/user/ros2_ws/install/multirobot_map_merge/share/multirobot_map_merge/cmake/ament_cmake_export_include_directories-extras.cmake
[47.670s] -- Symlinking: /home/user/ros2_ws/install/multirobot_map_merge/share/multirobot_map_merge/cmake/ament_cmake_export_libraries-extras.cmake
[47.682s] -- Symlinking: /home/user/ros2_ws/install/multirobot_map_merge/share/multirobot_map_merge/cmake/multirobot_map_mergeConfig.cmake
[47.694s] -- Symlinking: /home/user/ros2_ws/install/multirobot_map_merge/share/multirobot_map_merge/cmake/multirobot_map_mergeConfig-version.cmake
[47.706s] -- Symlinking: /home/user/ros2_ws/install/multirobot_map_merge/share/multirobot_map_merge/package.xml
[47.719s] -- Installing: /home/user/ros2_ws/install/multirobot_map_merge/lib/libcombine_grids.a
[47.723s] Invoked command in '/home/user/ros2_ws/build/multirobot_map_merge' returned '0': CMAKE_PREFIX_PATH=${CMAKE_PREFIX_PATH}:/opt/ros/humble /usr/bin/cmake --install /home/user/ros2_ws/build/multirobot_map_merge
