[0mCMake Deprecation Warning at /opt/ros/humble/share/rosidl_cmake/cmake/rosidl_target_interfaces.cmake:32 (message):
  Use rosidl_get_typesupport_target() and target_link_libraries() instead of
  rosidl_target_interfaces()
Call Stack (most recent call first):
  CMakeLists.txt:62 (rosidl_target_interfaces)

[0m
[0mCMake Deprecation Warning at /opt/ros/humble/share/rosidl_cmake/cmake/rosidl_target_interfaces.cmake:32 (message):
  Use rosidl_get_typesupport_target() and target_link_libraries() instead of
  rosidl_target_interfaces()
Call Stack (most recent call first):
  CMakeLists.txt:92 (rosidl_target_interfaces)

[0m
In file included from [01m[K/home/user/ros2_ws/build/ros2_kdl_package/rosidl_generator_c/ros2_kdl_package/action/detail/execute_trajectory__functions.h:19[m[K,
                 from [01m[K/home/user/ros2_ws/build/ros2_kdl_package/rosidl_generator_c/ros2_kdl_package/action/detail/execute_trajectory__functions.c:4[m[K:
[01m[K/home/user/ros2_ws/build/ros2_kdl_package/rosidl_generator_c/ros2_kdl_package/action/detail/execute_trajectory__struct.h:22:10:[m[K [01;31m[Kfatal error: [m[Kgeometry_msgs/msg/detail/pose__struct.h: No such file or directory
   22 | #include [01;31m[K"geometry_msgs/msg/detail/pose__struct.h"[m[K
      |          [01;31m[K^~~~~~~~~~~~~~~~~~~~~~~~~~~~~~~~~~~~~~~~~[m[K
compilation terminated.
gmake[2]: *** [CMakeFiles/ros2_kdl_package__rosidl_generator_c.dir/build.make:112: CMakeFiles/ros2_kdl_package__rosidl_generator_c.dir/rosidl_generator_c/ros2_kdl_package/action/detail/execute_trajectory__functions.c.o] Error 1
gmake[1]: *** [CMakeFiles/Makefile2:219: CMakeFiles/ros2_kdl_package__rosidl_generator_c.dir/all] Error 2
gmake[1]: *** Waiting for unfinished jobs....
In file included from [01m[K/home/user/ros2_ws/build/ros2_kdl_package/rosidl_typesupport_cpp/ros2_kdl_package/action/execute_trajectory__type_support.cpp:7[m[K:
[01m[K/home/user/ros2_ws/build/ros2_kdl_package/rosidl_generator_cpp/ros2_kdl_package/action/detail/execute_trajectory__struct.hpp:20:10:[m[K [01;31m[Kfatal error: [m[Kgeometry_msgs/msg/detail/pose__struct.hpp: No such file or directory
   20 | #include [01;31m[K"geometry_msgs/msg/detail/pose__struct.hpp"[m[K
      |          [01;31m[K^~~~~~~~~~~~~~~~~~~~~~~~~~~~~~~~~~~~~~~~~~~[m[K
compilation terminated.
gmake[2]: *** [CMakeFiles/ros2_kdl_package__rosidl_typesupport_cpp.dir/build.make:93: CMakeFiles/ros2_kdl_package__rosidl_typesupport_cpp.dir/rosidl_typesupport_cpp/ros2_kdl_package/action/execute_trajectory__type_support.cpp.o] Error 1
gmake[1]: *** [CMakeFiles/Makefile2:401: CMakeFiles/ros2_kdl_package__rosidl_typesupport_cpp.dir/all] Error 2
In file included from [01m[K/home/user/ros2_ws/build/ros2_kdl_package/rosidl_typesupport_introspection_cpp/ros2_kdl_package/action/detail/execute_trajectory__type_support.cpp:12[m[K:
[01m[K/home/user/ros2_ws/build/ros2_kdl_package/rosidl_generator_cpp/ros2_kdl_package/action/detail/execute_trajectory__struct.hpp:20:10:[m[K [01;31m[Kfatal error: [m[Kgeometry_msgs/msg/detail/pose__struct.hpp: No such file or directory
   20 | #include [01;31m[K"geometry_msgs/msg/detail/pose__struct.hpp"[m[K
      |          [01;31m[K^~~~~~~~~~~~~~~~~~~~~~~~~~~~~~~~~~~~~~~~~~~[m[K
compilation terminated.
gmake[2]: *** [CMakeFiles/ros2_kdl_package__rosidl_typesupport_introspection_cpp.dir/build.make:98: CMakeFiles/ros2_kdl_package__rosidl_typesupport_introspection_cpp.dir/rosidl_typesupport_introspection_cpp/ros2_kdl_package/action/detail/execute_trajectory__type_support.cpp.o] Error 1
gmake[1]: *** [CMakeFiles/Makefile2:375: CMakeFiles/ros2_kdl_package__rosidl_typesupport_introspection_cpp.dir/all] Error 2
In file included from [01m[K/home/user/ros2_ws/build/ros2_kdl_package/rosidl_typesupport_fastrtps_cpp/ros2_kdl_package/action/detail/execute_trajectory__rosidl_typesupport_fastrtps_cpp.hpp:11[m[K,
                 from [01m[K/home/user/ros2_ws/build/ros2_kdl_package/rosidl_typesupport_fastrtps_cpp/ros2_kdl_package/action/detail/dds_fastrtps/execute_trajectory__type_support.cpp:4[m[K:
[01m[K/home/user/ros2_ws/build/ros2_kdl_package/rosidl_generator_cpp/ros2_kdl_package/action/detail/execute_trajectory__struct.hpp:20:10:[m[K [01;31m[Kfatal error: [m[Kgeometry_msgs/msg/detail/pose__struct.hpp: No such file or directory
   20 | #include [01;31m[K"geometry_msgs/msg/detail/pose__struct.hpp"[m[K
      |          [01;31m[K^~~~~~~~~~~~~~~~~~~~~~~~~~~~~~~~~~~~~~~~~~~[m[K
compilation terminated.
gmake[2]: *** [CMakeFiles/ros2_kdl_package__rosidl_typesupport_fastrtps_cpp.dir/build.make:98: CMakeFiles/ros2_kdl_package__rosidl_typesupport_fastrtps_cpp.dir/rosidl_typesupport_fastrtps_cpp/ros2_kdl_package/action/detail/dds_fastrtps/execute_trajectory__type_support.cpp.o] Error 1
gmake[1]: *** [CMakeFiles/Makefile2:297: CMakeFiles/ros2_kdl_package__rosidl_typesupport_fastrtps_cpp.dir/all] Error 2
gmake: *** [Makefile:146: all] Error 2
