[  2%] Built target ros2_kdl_package__cpp
[ 10%] Built target ros2_kdl_package__rosidl_generator_c
[ 15%] Built target ros2_kdl_node_example
[ 15%] Built target ament_cmake_python_copy_ros2_kdl_package
[ 22%] Built target ros2_kdl_package__rosidl_typesupport_fastrtps_c
[ 30%] Built target ros2_kdl_package__rosidl_typesupport_introspection_cpp
[ 40%] Built target ros2_kdl_package__rosidl_typesupport_fastrtps_cpp
[ 45%] Built target ros2_kdl_package__rosidl_typesupport_cpp
[ 52%] Built target ros2_kdl_package__rosidl_typesupport_c
[ 60%] Built target ros2_kdl_package__rosidl_typesupport_introspection_c
[35m[1mConsolidate compiler generated dependencies of target ros2_kdl_node[0m
[ 65%] Built target ros2_kdl_node_client
[ 65%] Built target ros2_kdl_package
[ 70%] [32mBuilding CXX object CMakeFiles/ros2_kdl_node.dir/src/ros2_kdl_node.cpp.o[0m
[ 70%] Built target ros2_kdl_package__py
[ 75%] Built target ros2_kdl_package__rosidl_generator_py
[ 80%] Built target ros2_kdl_package__rosidl_typesupport_fastrtps_c__pyext
[ 85%] Built target ros2_kdl_package__rosidl_typesupport_c__pyext
[ 90%] Built target ros2_kdl_package__rosidl_typesupport_introspection_c__pyext
running egg_info
writing ros2_kdl_package.egg-info/PKG-INFO
writing dependency_links to ros2_kdl_package.egg-info/dependency_links.txt
writing top-level names to ros2_kdl_package.egg-info/top_level.txt
reading manifest file 'ros2_kdl_package.egg-info/SOURCES.txt'
writing manifest file 'ros2_kdl_package.egg-info/SOURCES.txt'
[ 90%] Built target ament_cmake_python_build_ros2_kdl_package_egg
[01m[K/home/user/ros2_ws/src/ros2_kdl_package/src/ros2_kdl_node.cpp:[m[K In member function â€˜[01m[Kvoid Iiwa_pub_sub::execute(std::shared_ptr<rclcpp_action::ServerGoalHandle<ros2_kdl_package::action::ExecuteTrajectory> >)[m[Kâ€™:
[01m[K/home/user/ros2_ws/src/ros2_kdl_package/src/ros2_kdl_node.cpp:152:51:[m[K [01;31m[Kerror: [m[Kvoid value not ignored as it ought to be
  152 |             int ret = [01;31m[Krobot_->getInverseKinematics(target_f, q_target_kdl)[m[K;
      |                       [01;31m[K~~~~~~~~~~~~~~~~~~~~~~~~~~~~^~~~~~~~~~~~~~~~~~~~~~~~[m[K
gmake[2]: *** [CMakeFiles/ros2_kdl_node.dir/build.make:76: CMakeFiles/ros2_kdl_node.dir/src/ros2_kdl_node.cpp.o] Error 1
gmake[1]: *** [CMakeFiles/Makefile2:597: CMakeFiles/ros2_kdl_node.dir/all] Error 2
gmake: *** [Makefile:146: all] Error 2
