[  2%] Built target ros2_kdl_package__cpp
[ 10%] Built target ros2_kdl_package__rosidl_generator_c
[ 10%] Built target ament_cmake_python_copy_ros2_kdl_package
[ 15%] Built target ros2_kdl_node_example
[ 22%] Built target ros2_kdl_package__rosidl_typesupport_introspection_cpp
[ 30%] Built target ros2_kdl_package__rosidl_typesupport_cpp
[ 37%] Built target ros2_kdl_package__rosidl_typesupport_fastrtps_cpp
[ 45%] Built target ros2_kdl_package__rosidl_typesupport_c
[ 52%] Built target ros2_kdl_package__rosidl_typesupport_fastrtps_c
[ 60%] Built target ros2_kdl_package__rosidl_typesupport_introspection_c
[35m[1mConsolidate compiler generated dependencies of target ros2_kdl_node_client[0m
[ 60%] Built target ros2_kdl_package
[ 62%] [32mBuilding CXX object CMakeFiles/ros2_kdl_node_client.dir/src/ros2_kdl_node_client.cpp.o[0m
[ 75%] Built target ros2_kdl_node
[ 77%] Built target ros2_kdl_package__py
[ 82%] Built target ros2_kdl_package__rosidl_generator_py
[ 87%] Built target ros2_kdl_package__rosidl_typesupport_fastrtps_c__pyext
[ 92%] Built target ros2_kdl_package__rosidl_typesupport_c__pyext
[ 97%] Built target ros2_kdl_package__rosidl_typesupport_introspection_c__pyext
running egg_info
writing ros2_kdl_package.egg-info/PKG-INFO
writing dependency_links to ros2_kdl_package.egg-info/dependency_links.txt
writing top-level names to ros2_kdl_package.egg-info/top_level.txt
reading manifest file 'ros2_kdl_package.egg-info/SOURCES.txt'
writing manifest file 'ros2_kdl_package.egg-info/SOURCES.txt'
[ 97%] Built target ament_cmake_python_build_ros2_kdl_package_egg
[01m[K/home/user/ros2_ws/src/ros2_kdl_package/src/ros2_kdl_node_client.cpp:60:32:[m[K [01;31m[Kerror: [m[Kâ€˜[01m[KGoalHandle[m[Kâ€™ does not name a type
   60 |     void result_callback(const [01;31m[KGoalHandle[m[K::WrappedResult & result) {
      |                                [01;31m[K^~~~~~~~~~[m[K
[01m[K/home/user/ros2_ws/src/ros2_kdl_package/src/ros2_kdl_node_client.cpp:60:58:[m[K [01;31m[Kerror: [m[Kexpected unqualified-id before â€˜[01m[K&[m[Kâ€™ token
   60 |     void result_callback(const GoalHandle::WrappedResult [01;31m[K&[m[K result) {
      |                                                          [01;31m[K^[m[K
[01m[K/home/user/ros2_ws/src/ros2_kdl_package/src/ros2_kdl_node_client.cpp:60:57:[m[K [01;31m[Kerror: [m[Kexpected â€˜[01m[K)[m[Kâ€™ before â€˜[01m[K&[m[Kâ€™ token
   60 |     void result_callback[34m[K([m[Kconst GoalHandle::WrappedResult[01;31m[K [m[K[32m[K&[m[K result) {
      |                         [34m[K~[m[K                               [01;31m[K^[m[K[32m[K~[m[K
      |                                                         [32m[K)[m[K
[01m[K/home/user/ros2_ws/src/ros2_kdl_package/src/ros2_kdl_node_client.cpp:60:58:[m[K [01;31m[Kerror: [m[Kexpected â€˜[01m[K;[m[Kâ€™ at end of member declaration
   60 |     void result_callback(const GoalHandle::WrappedResult [01;31m[K&[m[K result) {
      |                                                          [01;31m[K^[m[K
      |                                                           [32m[K;[m[K
[01m[K/home/user/ros2_ws/src/ros2_kdl_package/src/ros2_kdl_node_client.cpp:60:60:[m[K [01;31m[Kerror: [m[Kâ€˜[01m[Kresult[m[Kâ€™ does not name a type
   60 |     void result_callback(const GoalHandle::WrappedResult & [01;31m[Kresult[m[K) {
      |                                                            [01;31m[K^~~~~~[m[K
[01m[K/home/user/ros2_ws/src/ros2_kdl_package/src/ros2_kdl_node_client.cpp:104:20:[m[K [01;31m[Kerror: [m[Kâ€˜[01m[KExecuteTrajectory[m[Kâ€™ has not been declared
  104 |     void send_goal([01;31m[KExecuteTrajectory[m[K::Goal goal_msg) {
      |                    [01;31m[K^~~~~~~~~~~~~~~~~[m[K
[01m[K/home/user/ros2_ws/src/ros2_kdl_package/src/ros2_kdl_node_client.cpp:104:44:[m[K [01;31m[Kerror: [m[Kexpected â€˜[01m[K,[m[Kâ€™ or â€˜[01m[K...[m[Kâ€™ before â€˜[01m[Kgoal_msg[m[Kâ€™
  104 |     void send_goal(ExecuteTrajectory::Goal [01;31m[Kgoal_msg[m[K) {
      |                                            [01;31m[K^~~~~~~~[m[K
[01m[K/home/user/ros2_ws/src/ros2_kdl_package/src/ros2_kdl_node_client.cpp:119:27:[m[K [01;31m[Kerror: [m[Kâ€˜[01m[KExecuteTrajectory[m[Kâ€™ was not declared in this scope; did you mean â€˜[01m[Kros2_kdl_package::action::ExecuteTrajectory[m[Kâ€™?
  119 |     rclcpp_action::Client<[01;31m[KExecuteTrajectory[m[K>::SharedPtr action_client_;
      |                           [01;31m[K^~~~~~~~~~~~~~~~~[m[K
      |                           [32m[Kros2_kdl_package::action::ExecuteTrajectory[m[K
In file included from [01m[K/home/user/ros2_ws/build/ros2_kdl_package/rosidl_generator_cpp/ros2_kdl_package/action/execute_trajectory.hpp:7[m[K,
                 from [01m[K/home/user/ros2_ws/src/ros2_kdl_package/src/ros2_kdl_node_client.cpp:10[m[K:
[01m[K/home/user/ros2_ws/build/ros2_kdl_package/rosidl_generator_cpp/ros2_kdl_package/action/detail/execute_trajectory__struct.hpp:1086:34:[m[K [01;36m[Knote: [m[Kâ€˜[01m[Kros2_kdl_package::action::ExecuteTrajectory[m[Kâ€™ declared here
 1086 | typedef struct ExecuteTrajectory [01;36m[KExecuteTrajectory[m[K;
      |                                  [01;36m[K^~~~~~~~~~~~~~~~~[m[K
[01m[K/home/user/ros2_ws/src/ros2_kdl_package/src/ros2_kdl_node_client.cpp:119:44:[m[K [01;31m[Kerror: [m[Ktemplate argument 1 is invalid
  119 |     rclcpp_action::Client<ExecuteTrajectory[01;31m[K>[m[K::SharedPtr action_client_;
      |                                            [01;31m[K^[m[K
[01m[K/home/user/ros2_ws/src/ros2_kdl_package/src/ros2_kdl_node_client.cpp:119:47:[m[K [01;31m[Kerror: [m[Kexpected â€˜[01m[K;[m[Kâ€™ at end of member declaration
  119 |     rclcpp_action::Client<ExecuteTrajectory>::[01;31m[KSharedPtr[m[K action_client_;
      |                                               [01;31m[K^~~~~~~~~[m[K
      |                                                        [32m[K;[m[K
[01m[K/home/user/ros2_ws/src/ros2_kdl_package/src/ros2_kdl_node_client.cpp:119:57:[m[K [01;31m[Kerror: [m[Kâ€˜[01m[Kaction_client_[m[Kâ€™ does not name a type; did you mean â€˜[01m[Krcl_action_client_t[m[Kâ€™?
  119 |     rclcpp_action::Client<ExecuteTrajectory>::SharedPtr [01;31m[Kaction_client_[m[K;
      |                                                         [01;31m[K^~~~~~~~~~~~~~[m[K
      |                                                         [32m[Krcl_action_client_t[m[K
[01m[K/home/user/ros2_ws/src/ros2_kdl_package/src/ros2_kdl_node_client.cpp:[m[K In constructor â€˜[01m[KPickPlaceClient::PickPlaceClient()[m[Kâ€™:
[01m[K/home/user/ros2_ws/src/ros2_kdl_package/src/ros2_kdl_node_client.cpp:20:9:[m[K [01;31m[Kerror: [m[Kâ€˜[01m[Kaction_client_[m[Kâ€™ was not declared in this scope; did you mean â€˜[01m[Krcl_action_client_t[m[Kâ€™?
   20 |         [01;31m[Kaction_client_[m[K = rclcpp_action::create_client<ExecuteTrajectory>(this, "/iiwa/ExecuteTrajectory");
      |         [01;31m[K^~~~~~~~~~~~~~[m[K
      |         [32m[Krcl_action_client_t[m[K
[01m[K/home/user/ros2_ws/src/ros2_kdl_package/src/ros2_kdl_node_client.cpp:20:55:[m[K [01;31m[Kerror: [m[Kâ€˜[01m[KExecuteTrajectory[m[Kâ€™ was not declared in this scope; did you mean â€˜[01m[Kros2_kdl_package::action::ExecuteTrajectory[m[Kâ€™?
   20 |         action_client_ = rclcpp_action::create_client<[01;31m[KExecuteTrajectory[m[K>(this, "/iiwa/ExecuteTrajectory");
      |                                                       [01;31m[K^~~~~~~~~~~~~~~~~[m[K
      |                                                       [32m[Kros2_kdl_package::action::ExecuteTrajectory[m[K
In file included from [01m[K/home/user/ros2_ws/build/ros2_kdl_package/rosidl_generator_cpp/ros2_kdl_package/action/execute_trajectory.hpp:7[m[K,
                 from [01m[K/home/user/ros2_ws/src/ros2_kdl_package/src/ros2_kdl_node_client.cpp:10[m[K:
[01m[K/home/user/ros2_ws/build/ros2_kdl_package/rosidl_generator_cpp/ros2_kdl_package/action/detail/execute_trajectory__struct.hpp:1086:34:[m[K [01;36m[Knote: [m[Kâ€˜[01m[Kros2_kdl_package::action::ExecuteTrajectory[m[Kâ€™ declared here
 1086 | typedef struct ExecuteTrajectory [01;36m[KExecuteTrajectory[m[K;
      |                                  [01;36m[K^~~~~~~~~~~~~~~~~[m[K
[01m[K/home/user/ros2_ws/src/ros2_kdl_package/src/ros2_kdl_node_client.cpp:20:73:[m[K [01;31m[Kerror: [m[Kno matching function for call to â€˜[01m[Kcreate_client<<expression error> >(PickPlaceClient*, const char [24])[m[Kâ€™
   20 |         action_client_ = [01;31m[Krclcpp_action::create_client<ExecuteTrajectory>(this, "/iiwa/ExecuteTrajectory")[m[K;
      |                          [01;31m[K~~~~~~~~~~~~~~~~~~~~~~~~~~~~~~~~~~~~~~~~~~~~~~~^~~~~~~~~~~~~~~~~~~~~~~~~~~~~~~~~[m[K
In file included from [01m[K/opt/ros/humble/include/rclcpp_action/rclcpp_action/rclcpp_action.hpp:38[m[K,
                 from [01m[K/home/user/ros2_ws/src/ros2_kdl_package/src/ros2_kdl_node_client.cpp:7[m[K:
[01m[K/opt/ros/humble/include/rclcpp_action/rclcpp_action/create_client.hpp:44:1:[m[K [01;36m[Knote: [m[Kcandidate: â€˜[01m[Ktemplate<class ActionT> typename rclcpp_action::Client<ActionT>::SharedPtr rclcpp_action::create_client(rclcpp::node_interfaces::NodeBaseInterface::SharedPtr, rclcpp::node_interfaces::NodeGraphInterface::SharedPtr, rclcpp::node_interfaces::NodeLoggingInterface::SharedPtr, rclcpp::node_interfaces::NodeWaitablesInterface::SharedPtr, const string&, rclcpp::CallbackGroup::SharedPtr, const rcl_action_client_options_t&)[m[Kâ€™
   44 | [01;36m[Kcreate_client[m[K(
      | [01;36m[K^~~~~~~~~~~~~[m[K
[01m[K/opt/ros/humble/include/rclcpp_action/rclcpp_action/create_client.hpp:44:1:[m[K [01;36m[Knote: [m[K  template argument deduction/substitution failed:
[01m[K/home/user/ros2_ws/src/ros2_kdl_package/src/ros2_kdl_node_client.cpp:20:73:[m[K [01;31m[Kerror: [m[Ktemplate argument 1 is invalid
   20 |         action_client_ = [01;31m[Krclcpp_action::create_client<ExecuteTrajectory>(this, "/iiwa/ExecuteTrajectory")[m[K;
      |                          [01;31m[K~~~~~~~~~~~~~~~~~~~~~~~~~~~~~~~~~~~~~~~~~~~~~~~^~~~~~~~~~~~~~~~~~~~~~~~~~~~~~~~~[m[K
In file included from [01m[K/opt/ros/humble/include/rclcpp_action/rclcpp_action/rclcpp_action.hpp:38[m[K,
                 from [01m[K/home/user/ros2_ws/src/ros2_kdl_package/src/ros2_kdl_node_client.cpp:7[m[K:
[01m[K/opt/ros/humble/include/rclcpp_action/rclcpp_action/create_client.hpp:105:1:[m[K [01;36m[Knote: [m[Kcandidate: â€˜[01m[Ktemplate<class ActionT, class NodeT> typename rclcpp_action::Client<ActionT>::SharedPtr rclcpp_action::create_client(NodeT, const string&, rclcpp::CallbackGroup::SharedPtr, const rcl_action_client_options_t&)[m[Kâ€™
  105 | [01;36m[Kcreate_client[m[K(
      | [01;36m[K^~~~~~~~~~~~~[m[K
[01m[K/opt/ros/humble/include/rclcpp_action/rclcpp_action/create_client.hpp:105:1:[m[K [01;36m[Knote: [m[K  template argument deduction/substitution failed:
[01m[K/home/user/ros2_ws/src/ros2_kdl_package/src/ros2_kdl_node_client.cpp:20:73:[m[K [01;31m[Kerror: [m[Ktemplate argument 1 is invalid
   20 |         action_client_ = [01;31m[Krclcpp_action::create_client<ExecuteTrajectory>(this, "/iiwa/ExecuteTrajectory")[m[K;
      |                          [01;31m[K~~~~~~~~~~~~~~~~~~~~~~~~~~~~~~~~~~~~~~~~~~~~~~~^~~~~~~~~~~~~~~~~~~~~~~~~~~~~~~~~[m[K
[01m[K/home/user/ros2_ws/src/ros2_kdl_package/src/ros2_kdl_node_client.cpp:[m[K In member function â€˜[01m[Kvoid PickPlaceClient::start_search_motion()[m[Kâ€™:
[01m[K/home/user/ros2_ws/src/ros2_kdl_package/src/ros2_kdl_node_client.cpp:37:25:[m[K [01;31m[Kerror: [m[Kâ€˜[01m[KExecuteTrajectory[m[Kâ€™ has not been declared
   37 |         auto goal_msg = [01;31m[KExecuteTrajectory[m[K::Goal();
      |                         [01;31m[K^~~~~~~~~~~~~~~~~[m[K
[01m[K/home/user/ros2_ws/src/ros2_kdl_package/src/ros2_kdl_node_client.cpp:[m[K In member function â€˜[01m[Kvoid PickPlaceClient::aruco_callback(geometry_msgs::msg::PoseStamped_<std::allocator<void> >::SharedPtr)[m[Kâ€™:
[01m[K/home/user/ros2_ws/src/ros2_kdl_package/src/ros2_kdl_node_client.cpp:56:13:[m[K [01;31m[Kerror: [m[Kâ€˜[01m[Kaction_client_[m[Kâ€™ was not declared in this scope; did you mean â€˜[01m[Krcl_action_client_t[m[Kâ€™?
   56 |             [01;31m[Kaction_client_[m[K->async_cancel_all_goals();
      |             [01;31m[K^~~~~~~~~~~~~~[m[K
      |             [32m[Krcl_action_client_t[m[K
[01m[K/home/user/ros2_ws/src/ros2_kdl_package/src/ros2_kdl_node_client.cpp:[m[K In member function â€˜[01m[Kvoid PickPlaceClient::send_goal(int)[m[Kâ€™:
[01m[K/home/user/ros2_ws/src/ros2_kdl_package/src/ros2_kdl_node_client.cpp:105:56:[m[K [01;31m[Kerror: [m[Kâ€˜[01m[KExecuteTrajectory[m[Kâ€™ was not declared in this scope; did you mean â€˜[01m[Kros2_kdl_package::action::ExecuteTrajectory[m[Kâ€™?
  105 |         auto send_goal_options = rclcpp_action::Client<[01;31m[KExecuteTrajectory[m[K>::SendGoalOptions();
      |                                                        [01;31m[K^~~~~~~~~~~~~~~~~[m[K
      |                                                        [32m[Kros2_kdl_package::action::ExecuteTrajectory[m[K
In file included from [01m[K/home/user/ros2_ws/build/ros2_kdl_package/rosidl_generator_cpp/ros2_kdl_package/action/execute_trajectory.hpp:7[m[K,
                 from [01m[K/home/user/ros2_ws/src/ros2_kdl_package/src/ros2_kdl_node_client.cpp:10[m[K:
[01m[K/home/user/ros2_ws/build/ros2_kdl_package/rosidl_generator_cpp/ros2_kdl_package/action/detail/execute_trajectory__struct.hpp:1086:34:[m[K [01;36m[Knote: [m[Kâ€˜[01m[Kros2_kdl_package::action::ExecuteTrajectory[m[Kâ€™ declared here
 1086 | typedef struct ExecuteTrajectory [01;36m[KExecuteTrajectory[m[K;
      |                                  [01;36m[K^~~~~~~~~~~~~~~~~[m[K
[01m[K/home/user/ros2_ws/src/ros2_kdl_package/src/ros2_kdl_node_client.cpp:105:73:[m[K [01;31m[Kerror: [m[Ktemplate argument 1 is invalid
  105 |         auto send_goal_options = rclcpp_action::Client<ExecuteTrajectory[01;31m[K>[m[K::SendGoalOptions();
      |                                                                         [01;31m[K^[m[K
[01m[K/home/user/ros2_ws/src/ros2_kdl_package/src/ros2_kdl_node_client.cpp:107:9:[m[K [01;31m[Kerror: [m[Kâ€˜[01m[Kaction_client_[m[Kâ€™ was not declared in this scope; did you mean â€˜[01m[Krcl_action_client_t[m[Kâ€™?
  107 |         [01;31m[Kaction_client_[m[K->async_send_goal(goal_msg, send_goal_options);
      |         [01;31m[K^~~~~~~~~~~~~~[m[K
      |         [32m[Krcl_action_client_t[m[K
[01m[K/home/user/ros2_ws/src/ros2_kdl_package/src/ros2_kdl_node_client.cpp:107:41:[m[K [01;31m[Kerror: [m[Kâ€˜[01m[Kgoal_msg[m[Kâ€™ was not declared in this scope
  107 |         action_client_->async_send_goal([01;31m[Kgoal_msg[m[K, send_goal_options);
      |                                         [01;31m[K^~~~~~~~[m[K
[01m[K/home/user/ros2_ws/src/ros2_kdl_package/src/ros2_kdl_node_client.cpp:104:39:[m[K [01;35m[Kwarning: [m[Kunused parameter â€˜[01m[KGoal[m[Kâ€™ [[01;35m[K-Wunused-parameter[m[K]
  104 |     void send_goal([01;35m[KExecuteTrajectory::Goal[m[K goal_msg) {
      |                    [01;35m[K~~~~~~~~~~~~~~~~~~~^~~~[m[K
[01m[K/home/user/ros2_ws/src/ros2_kdl_package/src/ros2_kdl_node_client.cpp:[m[K In member function â€˜[01m[Kvoid PickPlaceClient::send_table_goal()[m[Kâ€™:
[01m[K/home/user/ros2_ws/src/ros2_kdl_package/src/ros2_kdl_node_client.cpp:111:26:[m[K [01;31m[Kerror: [m[Kâ€˜[01m[KExecuteTrajectory[m[Kâ€™ has not been declared
  111 |          auto goal_msg = [01;31m[KExecuteTrajectory[m[K::Goal();
      |                          [01;31m[K^~~~~~~~~~~~~~~~~[m[K
gmake[2]: *** [CMakeFiles/ros2_kdl_node_client.dir/build.make:76: CMakeFiles/ros2_kdl_node_client.dir/src/ros2_kdl_node_client.cpp.o] Error 1
gmake[1]: *** [CMakeFiles/Makefile2:624: CMakeFiles/ros2_kdl_node_client.dir/all] Error 2
gmake: *** [Makefile:146: all] Error 2
