[0.044s] Invoking command in '/home/user/ros2_ws/build/ros2_kdl_package': CMAKE_PREFIX_PATH=${CMAKE_PREFIX_PATH}:/opt/ros/humble /usr/bin/cmake --build /home/user/ros2_ws/build/ros2_kdl_package -- -j12 -l12
[0.158s] [35m[1mConsolidate compiler generated dependencies of target ros2_kdl_package__rosidl_generator_c[0m
[0.219s] [  2%] Built target ros2_kdl_package__cpp
[0.219s] [ 10%] Built target ros2_kdl_package__rosidl_generator_c
[0.220s] [ 10%] Built target ament_cmake_python_copy_ros2_kdl_package
[0.226s] [35m[1mConsolidate compiler generated dependencies of target ros2_kdl_package__rosidl_typesupport_cpp[0m
[0.229s] [ 15%] Built target ros2_kdl_node_example
[0.233s] [35m[1mConsolidate compiler generated dependencies of target ros2_kdl_package__rosidl_typesupport_fastrtps_cpp[0m
[0.234s] [35m[1mConsolidate compiler generated dependencies of target ros2_kdl_package__rosidl_typesupport_introspection_c[0m
[0.238s] [35m[1mConsolidate compiler generated dependencies of target ros2_kdl_package__rosidl_typesupport_c[0m
[0.242s] [35m[1mConsolidate compiler generated dependencies of target ros2_kdl_package__rosidl_typesupport_introspection_cpp[0m
[0.247s] [35m[1mConsolidate compiler generated dependencies of target ros2_kdl_package__rosidl_typesupport_fastrtps_c[0m
[0.273s] [ 22%] Built target ros2_kdl_package__rosidl_typesupport_cpp
[0.274s] [ 30%] Built target ros2_kdl_package__rosidl_typesupport_introspection_c
[0.275s] [ 37%] Built target ros2_kdl_package__rosidl_typesupport_c
[0.275s] [ 45%] Built target ros2_kdl_package__rosidl_typesupport_fastrtps_cpp
[0.276s] [ 52%] Built target ros2_kdl_package__rosidl_typesupport_introspection_cpp
[0.278s] [ 60%] Built target ros2_kdl_package__rosidl_typesupport_fastrtps_c
[0.294s] [35m[1mConsolidate compiler generated dependencies of target ros2_kdl_node[0m
[0.296s] [35m[1mConsolidate compiler generated dependencies of target ros2_kdl_node_client[0m
[0.315s] [ 60%] Built target ros2_kdl_package
[0.342s] [ 62%] [32mBuilding CXX object CMakeFiles/ros2_kdl_node_client.dir/src/ros2_kdl_node_client.cpp.o[0m
[0.354s] [ 65%] [32mBuilding CXX object CMakeFiles/ros2_kdl_node.dir/src/ros2_kdl_node.cpp.o[0m
[0.424s] [ 67%] Built target ros2_kdl_package__py
[0.425s] [35m[1mConsolidate compiler generated dependencies of target ros2_kdl_package__rosidl_generator_py[0m
[0.426s] [ 72%] Built target ros2_kdl_package__rosidl_generator_py
[0.427s] [35m[1mConsolidate compiler generated dependencies of target ros2_kdl_package__rosidl_typesupport_fastrtps_c__pyext[0m
[0.427s] [35m[1mConsolidate compiler generated dependencies of target ros2_kdl_package__rosidl_typesupport_c__pyext[0m
[0.429s] [35m[1mConsolidate compiler generated dependencies of target ros2_kdl_package__rosidl_typesupport_introspection_c__pyext[0m
[0.450s] [ 77%] Built target ros2_kdl_package__rosidl_typesupport_fastrtps_c__pyext
[0.454s] [ 82%] Built target ros2_kdl_package__rosidl_typesupport_c__pyext
[0.457s] [ 87%] Built target ros2_kdl_package__rosidl_typesupport_introspection_c__pyext
[0.641s] running egg_info
[0.642s] writing ros2_kdl_package.egg-info/PKG-INFO
[0.642s] writing dependency_links to ros2_kdl_package.egg-info/dependency_links.txt
[0.642s] writing top-level names to ros2_kdl_package.egg-info/top_level.txt
[0.644s] reading manifest file 'ros2_kdl_package.egg-info/SOURCES.txt'
[0.645s] writing manifest file 'ros2_kdl_package.egg-info/SOURCES.txt'
[0.670s] [ 87%] Built target ament_cmake_python_build_ros2_kdl_package_egg
[0.823s] [01m[K/home/user/ros2_ws/src/ros2_kdl_package/src/ros2_kdl_node.cpp:14:10:[m[K [01;31m[Kfatal error: [m[Ktrajectory_msgs/msg/joint_trajectory.hpp: No such file or directory
[0.823s]    14 | #include [01;31m[K"trajectory_msgs/msg/joint_trajectory.hpp"[m[K // AGGIUNTO per inviare traiettorie
[0.824s]       |          [01;31m[K^~~~~~~~~~~~~~~~~~~~~~~~~~~~~~~~~~~~~~~~~~[m[K
[0.824s] compilation terminated.
[0.826s] gmake[2]: *** [CMakeFiles/ros2_kdl_node.dir/build.make:76: CMakeFiles/ros2_kdl_node.dir/src/ros2_kdl_node.cpp.o] Error 1
[0.826s] gmake[1]: *** [CMakeFiles/Makefile2:597: CMakeFiles/ros2_kdl_node.dir/all] Error 2
[0.826s] gmake[1]: *** Waiting for unfinished jobs....
[8.388s] [ 90%] [32m[1mLinking CXX executable ros2_kdl_node_client[0m
[8.782s] [ 90%] Built target ros2_kdl_node_client
[8.782s] gmake: *** [Makefile:146: all] Error 2
[8.784s] Invoked command in '/home/user/ros2_ws/build/ros2_kdl_package' returned '2': CMAKE_PREFIX_PATH=${CMAKE_PREFIX_PATH}:/opt/ros/humble /usr/bin/cmake --build /home/user/ros2_ws/build/ros2_kdl_package -- -j12 -l12
